{
  "level": "info",
  "protocol": "HTTP/1.1",
  "method": "GET",
  "path": "/api/v1/users/",
  "query": "",
  "client_ip": "::1",
  "user_agent": "PostmanRuntime/7.51.1",
  "referer": "http://localhost:8080/api/v1/users",
  "status": 200,
  "remote_address": "[::1]:63390",
  "headers": "map[Accept:[*/*] Accept-Encoding:[gzip, deflate, br] Cache-Control:[no-cache] Connection:[keep-alive] Postman-Token:[1dab7e4b-7a30-4742-8a28-483673a25ff0] Referer:[http://localhost:8080/api/v1/users] User-Agent:[PostmanRuntime/7.51.1] X-Api-Key:[95057dfb16b34dcae0e5b6fe75d8f909fd08706dcb0c588d56d488949ad79ac0]]",
  "duration_ms": 0,
  "time": "2026-02-23T21:24:41+07:00",
  "message": "HTTP request"
}
{
  "level": "error",
  "protocol": "HTTP/1.1",
  "method": "GET",
  "path": "/api/v1/users/",
  "query": "",
  "client_ip": "::1",
  "user_agent": "PostmanRuntime/7.51.1",
  "referer": "http://localhost:8080/api/v1/users",
  "status": 503,
  "remote_address": "[::1]:60862",
  "headers": "map[Accept:[*/*] Accept-Encoding:[gzip, deflate, br] Cache-Control:[no-cache] Connection:[keep-alive] Postman-Token:[6f81ee76-cf07-49eb-aef3-304d7367c83b] Referer:[http://localhost:8080/api/v1/users] User-Agent:[PostmanRuntime/7.51.1] X-Api-Key:[95057dfb16b34dcae0e5b6fe75d8f909fd08706dcb0c588d56d488949ad79ac0]]",
  "duration_ms": 0,
  "time": "2026-02-23T21:37:10+07:00",
  "message": "HTTP request"
}
